Started at Mon Nov 21 15:59:58 UTC 2022
Processing GitHub Integration
Offering GitHub Integration to Project Build Discarder
Processing JenkinsTest
Offering JenkinsTest to Project Build Discarder
Finished at Mon Nov 21 15:59:58 UTC 2022. 1ms
Started at Mon Nov 21 16:59:58 UTC 2022
Processing JenkinsTest
Offering JenkinsTest to Project Build Discarder
Finished at Mon Nov 21 16:59:58 UTC 2022. 1ms
Started at Mon Nov 21 17:59:58 UTC 2022
Processing JenkinsTest
Offering JenkinsTest to Project Build Discarder
Finished at Mon Nov 21 17:59:58 UTC 2022. 1ms
Started at Mon Nov 21 18:59:58 UTC 2022
Processing JenkinsTest
Offering JenkinsTest to Project Build Discarder
Finished at Mon Nov 21 18:59:58 UTC 2022. 1ms
Started at Mon Nov 21 19:59:58 UTC 2022
Processing JenkinsTest
Offering JenkinsTest to Project Build Discarder
Finished at Mon Nov 21 19:59:58 UTC 2022. 1ms
Started at Mon Nov 21 20:59:58 UTC 2022
Processing JenkinsTest
Offering JenkinsTest to Project Build Discarder
Finished at Mon Nov 21 20:59:58 UTC 2022. 1ms
